ğŸ”¹ Project diagnostics started at Sat Sep 13 01:16:43 UTC 2025
src/App.tsx(2,26): error TS2307: Cannot find module '../supabaseClient' or its corresponding type declarations.
src/App.tsx(28,56): error TS7031: Binding element 'data' implicitly has an 'any' type.
src/App.tsx(36,8): error TS7006: Parameter '_event' implicitly has an 'any' type.
src/App.tsx(36,16): error TS7006: Parameter 'session' implicitly has an 'any' type.
src/components/ProtectedRoute.tsx(3,25): error TS2307: Cannot find module '../context/AuthContext' or its corresponding type declarations.
src/main.tsx(3,8): error TS1192: Module '"/workspaces/choppies-dashboard/src/App"' has no default export.
src/pages/Dashboard/Admin.tsx(2,22): error TS2307: Cannot find module '../../roles' or its corresponding type declarations.
src/pages/Dashboard/Admin.tsx(7,36): error TS2552: Cannot find name 'Roles'. Did you mean 'Role'?
src/pages/Dashboard/AdminDashboardContent.tsx(6,23): error TS2307: Cannot find module '../../roles' or its corresponding type declarations.
src/pages/Dashboard/AdminDashboardContent.tsx(20,15): error TS2558: Expected 2 type arguments, but got 1.
src/pages/Dashboard/AdminDashboardContent.tsx(23,15): error TS2558: Expected 2 type arguments, but got 1.
src/pages/Dashboard/AdminDashboardContent.tsx(26,24): error TS2345: Argument of type '((never[TableName] extends { Relationships: infer R; } ? R : unknown) extends null ? never[TableName]["Row"] extends infer FieldResult ? FieldResult extends Record<...> ? { [K in keyof ({} & FieldResult)]: ({} & FieldResult)[K]; } : FieldResult extends SelectQueryError<...> ? SelectQueryError<...> : SelectQueryError...' is not assignable to parameter of type 'SetStateAction<{ product_name: string; days_to_expiry: number; }[]>'.
  Type '((never[TableName] extends { Relationships: infer R; } ? R : unknown) extends null ? never[TableName]["Row"] extends infer FieldResult ? FieldResult extends Record<...> ? { [K in keyof ({} & FieldResult)]: ({} & FieldResult)[K]; } : FieldResult extends SelectQueryError<...> ? SelectQueryError<...> : SelectQueryError...' is not assignable to type '{ product_name: string; days_to_expiry: number; }[]'.
    Type '(never[TableName] extends { Relationships: infer R; } ? R : unknown) extends null ? never[TableName]["Row"] extends infer FieldResult ? FieldResult extends Record<...> ? { [K in keyof ({} & FieldResult)]: ({} & FieldResult)[K]; } : FieldResult extends SelectQueryError<...> ? SelectQueryError<...> : SelectQueryError<...' is not assignable to type '{ product_name: string; days_to_expiry: number; }'.
      Type '(never[TableName]["Row"] extends infer FieldResult ? FieldResult extends Record<string, unknown> ? { [K in keyof ({} & FieldResult)]: ({} & FieldResult)[K]; } : FieldResult extends SelectQueryError<...> ? SelectQueryError<...> : SelectQueryError<...> : SelectQueryError<...>) | SelectQueryError<...>' is not assignable to type '{ product_name: string; days_to_expiry: number; }'.
        Type 'never[TableName]["Row"] extends infer FieldResult ? FieldResult extends Record<string, unknown> ? { [K in keyof ({} & FieldResult)]: ({} & FieldResult)[K]; } : FieldResult extends SelectQueryError<...> ? SelectQueryError<...> : SelectQueryError<...> : SelectQueryError<...>' is not assignable to type '{ product_name: string; days_to_expiry: number; }'.
          Type 'SelectQueryError<"Processing node failed."> | SelectQueryError<"Could not retrieve a valid record or error value">' is not assignable to type '{ product_name: string; days_to_expiry: number; }'.
            Type '{ error: true; } & String' is missing the following properties from type '{ product_name: string; days_to_expiry: number; }': product_name, days_to_expiry
src/pages/Dashboard/AdminDashboardContent.tsx(27,23): error TS2345: Argument of type '((never[TableName] extends { Relationships: infer R; } ? R : unknown) extends null ? never[TableName]["Row"] extends infer FieldResult ? FieldResult extends Record<...> ? { [K in keyof ({} & FieldResult)]: ({} & FieldResult)[K]; } : FieldResult extends SelectQueryError<...> ? SelectQueryError<...> : SelectQueryError...' is not assignable to parameter of type 'SetStateAction<{ product_name: string; quantity: number; }[]>'.
  Type '((never[TableName] extends { Relationships: infer R; } ? R : unknown) extends null ? never[TableName]["Row"] extends infer FieldResult ? FieldResult extends Record<...> ? { [K in keyof ({} & FieldResult)]: ({} & FieldResult)[K]; } : FieldResult extends SelectQueryError<...> ? SelectQueryError<...> : SelectQueryError...' is not assignable to type '{ product_name: string; quantity: number; }[]'.
    Type '(never[TableName] extends { Relationships: infer R; } ? R : unknown) extends null ? never[TableName]["Row"] extends infer FieldResult ? FieldResult extends Record<...> ? { [K in keyof ({} & FieldResult)]: ({} & FieldResult)[K]; } : FieldResult extends SelectQueryError<...> ? SelectQueryError<...> : SelectQueryError<...' is not assignable to type '{ product_name: string; quantity: number; }'.
      Type 'SelectQueryError<"Invalid RelationName cannot infer result type"> | (never[TableName]["Row"] extends infer FieldResult ? FieldResult extends Record<...> ? { [K in keyof ({} & FieldResult)]: ({} & FieldResult)[K]; } : FieldResult extends SelectQueryError<...> ? SelectQueryError<...> : SelectQueryError<...> : SelectQu...' is not assignable to type '{ product_name: string; quantity: number; }'.
        Type '{ error: true; } & String' is missing the following properties from type '{ product_name: string; quantity: number; }': product_name, quantity
src/pages/Dashboard/Cashier.tsx(2,22): error TS2307: Cannot find module '../../roles' or its corresponding type declarations.
src/pages/Dashboard/Cashier.tsx(8,36): error TS2552: Cannot find name 'Roles'. Did you mean 'Role'?
src/pages/Dashboard/CashierDashboardContent.tsx(6,23): error TS2307: Cannot find module '../../roles' or its corresponding type declarations.
src/pages/Dashboard/CashierDashboardContent.tsx(21,53): error TS2558: Expected 2 type arguments, but got 1.
src/pages/Dashboard/CashierDashboardContent.tsx(22,53): error TS2558: Expected 2 type arguments, but got 1.
src/pages/Dashboard/CashierDashboardContent.tsx(23,56): error TS2558: Expected 2 type arguments, but got 1.
src/pages/Dashboard/CashierDashboardContent.tsx(25,18): error TS2345: Argument of type 'SelectQueryError<"Invalid RelationName cannot infer result type"> | SelectQueryError<"Processing node failed."> | SelectQueryError<"Could not retrieve a valid record or error value"> | null' is not assignable to parameter of type 'SetStateAction<{ total_revenue: number; total_customers: number; active_shops: number; product_categories: number; } | null>'.
  Type 'SelectQueryError<"Invalid RelationName cannot infer result type">' is not assignable to type 'SetStateAction<{ total_revenue: number; total_customers: number; active_shops: number; product_categories: number; } | null>'.
src/pages/Dashboard/CashierDashboardContent.tsx(26,18): error TS2345: Argument of type '((never[TableName] extends { Relationships: infer R; } ? R : unknown) extends null ? never[TableName]["Row"] extends infer FieldResult ? FieldResult extends Record<...> ? { [K in keyof ({} & FieldResult)]: ({} & FieldResult)[K]; } : FieldResult extends SelectQueryError<...> ? SelectQueryError<...> : SelectQueryError...' is not assignable to parameter of type 'SetStateAction<{ product_name: string; quantity: number; }[]>'.
  Type '((never[TableName] extends { Relationships: infer R; } ? R : unknown) extends null ? never[TableName]["Row"] extends infer FieldResult ? FieldResult extends Record<...> ? { [K in keyof ({} & FieldResult)]: ({} & FieldResult)[K]; } : FieldResult extends SelectQueryError<...> ? SelectQueryError<...> : SelectQueryError...' is not assignable to type '{ product_name: string; quantity: number; }[]'.
    Type '(never[TableName] extends { Relationships: infer R; } ? R : unknown) extends null ? never[TableName]["Row"] extends infer FieldResult ? FieldResult extends Record<...> ? { [K in keyof ({} & FieldResult)]: ({} & FieldResult)[K]; } : FieldResult extends SelectQueryError<...> ? SelectQueryError<...> : SelectQueryError<...' is not assignable to type '{ product_name: string; quantity: number; }'.
      Type 'SelectQueryError<"Invalid RelationName cannot infer result type"> | (never[TableName]["Row"] extends infer FieldResult ? FieldResult extends Record<...> ? { [K in keyof ({} & FieldResult)]: ({} & FieldResult)[K]; } : FieldResult extends SelectQueryError<...> ? SelectQueryError<...> : SelectQueryError<...> : SelectQu...' is not assignable to type '{ product_name: string; quantity: number; }'.
        Type '{ error: true; } & String' is missing the following properties from type '{ product_name: string; quantity: number; }': product_name, quantity
src/pages/Dashboard/CashierDashboardContent.tsx(27,18): error TS2345: Argument of type '((never[TableName] extends { Relationships: infer R; } ? R : unknown) extends null ? never[TableName]["Row"] extends infer FieldResult ? FieldResult extends Record<...> ? { [K in keyof ({} & FieldResult)]: ({} & FieldResult)[K]; } : FieldResult extends SelectQueryError<...> ? SelectQueryError<...> : SelectQueryError...' is not assignable to parameter of type 'SetStateAction<{ product_name: string; quantity: number; }[]>'.
  Type '((never[TableName] extends { Relationships: infer R; } ? R : unknown) extends null ? never[TableName]["Row"] extends infer FieldResult ? FieldResult extends Record<...> ? { [K in keyof ({} & FieldResult)]: ({} & FieldResult)[K]; } : FieldResult extends SelectQueryError<...> ? SelectQueryError<...> : SelectQueryError...' is not assignable to type '{ product_name: string; quantity: number; }[]'.
    Type '(never[TableName] extends { Relationships: infer R; } ? R : unknown) extends null ? never[TableName]["Row"] extends infer FieldResult ? FieldResult extends Record<...> ? { [K in keyof ({} & FieldResult)]: ({} & FieldResult)[K]; } : FieldResult extends SelectQueryError<...> ? SelectQueryError<...> : SelectQueryError<...' is not assignable to type '{ product_name: string; quantity: number; }'.
      Type 'SelectQueryError<"Invalid RelationName cannot infer result type"> | (never[TableName]["Row"] extends infer FieldResult ? FieldResult extends Record<...> ? { [K in keyof ({} & FieldResult)]: ({} & FieldResult)[K]; } : FieldResult extends SelectQueryError<...> ? SelectQueryError<...> : SelectQueryError<...> : SelectQu...' is not assignable to type '{ product_name: string; quantity: number; }'.
        Type '{ error: true; } & String' is missing the following properties from type '{ product_name: string; quantity: number; }': product_name, quantity
src/pages/Dashboard/Ceo.tsx(2,22): error TS2307: Cannot find module '../../roles' or its corresponding type declarations.
src/pages/Dashboard/Ceo.tsx(7,36): error TS2552: Cannot find name 'Roles'. Did you mean 'Role'?
src/pages/Dashboard/CeoDashboardContent.tsx(8,23): error TS2307: Cannot find module '../../roles' or its corresponding type declarations.
src/pages/Dashboard/CeoDashboardContent.tsx(48,15): error TS2558: Expected 2 type arguments, but got 1.
src/pages/Dashboard/CeoDashboardContent.tsx(55,15): error TS2558: Expected 2 type arguments, but got 1.
src/pages/Dashboard/CeoDashboardContent.tsx(61,18): error TS2345: Argument of type 'SelectQueryError<"Invalid RelationName cannot infer result type"> | SelectQueryError<"Processing node failed."> | SelectQueryError<"Could not retrieve a valid record or error value"> | null' is not assignable to parameter of type 'SetStateAction<{ total_revenue: number; total_customers: number; active_shops: number; product_categories: number; } | null>'.
  Type 'SelectQueryError<"Invalid RelationName cannot infer result type">' is not assignable to type 'SetStateAction<{ total_revenue: number; total_customers: number; active_shops: number; product_categories: number; } | null>'.
src/pages/Dashboard/CeoDashboardContent.tsx(62,18): error TS2345: Argument of type '((never[TableName] extends { Relationships: infer R; } ? R : unknown) extends null ? never[TableName]["Row"] extends infer FieldResult ? FieldResult extends Record<...> ? { [K in keyof ({} & FieldResult)]: ({} & FieldResult)[K]; } : FieldResult extends SelectQueryError<...> ? SelectQueryError<...> : SelectQueryError...' is not assignable to parameter of type 'SetStateAction<{ region: string; total_sales: number; transactions: number; }[]>'.
  Type '((never[TableName] extends { Relationships: infer R; } ? R : unknown) extends null ? never[TableName]["Row"] extends infer FieldResult ? FieldResult extends Record<...> ? { [K in keyof ({} & FieldResult)]: ({} & FieldResult)[K]; } : FieldResult extends SelectQueryError<...> ? SelectQueryError<...> : SelectQueryError...' is not assignable to type '{ region: string; total_sales: number; transactions: number; }[]'.
    Type '(never[TableName] extends { Relationships: infer R; } ? R : unknown) extends null ? never[TableName]["Row"] extends infer FieldResult ? FieldResult extends Record<...> ? { [K in keyof ({} & FieldResult)]: ({} & FieldResult)[K]; } : FieldResult extends SelectQueryError<...> ? SelectQueryError<...> : SelectQueryError<...' is not assignable to type '{ region: string; total_sales: number; transactions: number; }'.
      Type 'SelectQueryError<"Invalid RelationName cannot infer result type"> | (never[TableName]["Row"] extends infer FieldResult ? FieldResult extends Record<...> ? { [K in keyof ({} & FieldResult)]: ({} & FieldResult)[K]; } : FieldResult extends SelectQueryError<...> ? SelectQueryError<...> : SelectQueryError<...> : SelectQu...' is not assignable to type '{ region: string; total_sales: number; transactions: number; }'.
        Type '{ error: true; } & String' is missing the following properties from type '{ region: string; total_sales: number; transactions: number; }': region, total_sales, transactions
src/pages/Dashboard/Manager.tsx(2,22): error TS2307: Cannot find module '../../roles' or its corresponding type declarations.
src/pages/Dashboard/Manager.tsx(7,36): error TS2552: Cannot find name 'Roles'. Did you mean 'Role'?
src/pages/Dashboard/ManagerDashboardContent.tsx(6,23): error TS2307: Cannot find module '../../roles' or its corresponding type declarations.
src/pages/Dashboard/ManagerDashboardContent.tsx(22,15): error TS2558: Expected 2 type arguments, but got 1.
src/pages/Dashboard/ManagerDashboardContent.tsx(25,53): error TS2558: Expected 2 type arguments, but got 1.
src/pages/Dashboard/ManagerDashboardContent.tsx(26,53): error TS2558: Expected 2 type arguments, but got 1.
src/pages/Dashboard/ManagerDashboardContent.tsx(28,18): error TS2345: Argument of type 'SelectQueryError<"Invalid RelationName cannot infer result type"> | SelectQueryError<"Processing node failed."> | SelectQueryError<"Could not retrieve a valid record or error value"> | null' is not assignable to parameter of type 'SetStateAction<{ total_revenue: number; total_customers: number; active_shops: number; product_categories: number; } | null>'.
  Type 'SelectQueryError<"Invalid RelationName cannot infer result type">' is not assignable to type 'SetStateAction<{ total_revenue: number; total_customers: number; active_shops: number; product_categories: number; } | null>'.
src/pages/Dashboard/ManagerDashboardContent.tsx(29,19): error TS2345: Argument of type '((never[TableName] extends { Relationships: infer R; } ? R : unknown) extends null ? never[TableName]["Row"] extends infer FieldResult ? FieldResult extends Record<...> ? { [K in keyof ({} & FieldResult)]: ({} & FieldResult)[K]; } : FieldResult extends SelectQueryError<...> ? SelectQueryError<...> : SelectQueryError...' is not assignable to parameter of type 'SetStateAction<{ product_name: string; quantity: number; }[]>'.
  Type '((never[TableName] extends { Relationships: infer R; } ? R : unknown) extends null ? never[TableName]["Row"] extends infer FieldResult ? FieldResult extends Record<...> ? { [K in keyof ({} & FieldResult)]: ({} & FieldResult)[K]; } : FieldResult extends SelectQueryError<...> ? SelectQueryError<...> : SelectQueryError...' is not assignable to type '{ product_name: string; quantity: number; }[]'.
    Type '(never[TableName] extends { Relationships: infer R; } ? R : unknown) extends null ? never[TableName]["Row"] extends infer FieldResult ? FieldResult extends Record<...> ? { [K in keyof ({} & FieldResult)]: ({} & FieldResult)[K]; } : FieldResult extends SelectQueryError<...> ? SelectQueryError<...> : SelectQueryError<...' is not assignable to type '{ product_name: string; quantity: number; }'.
      Type 'SelectQueryError<"Invalid RelationName cannot infer result type"> | (never[TableName]["Row"] extends infer FieldResult ? FieldResult extends Record<...> ? { [K in keyof ({} & FieldResult)]: ({} & FieldResult)[K]; } : FieldResult extends SelectQueryError<...> ? SelectQueryError<...> : SelectQueryError<...> : SelectQu...' is not assignable to type '{ product_name: string; quantity: number; }'.
        Type '{ error: true; } & String' is missing the following properties from type '{ product_name: string; quantity: number; }': product_name, quantity
src/pages/Dashboard/ManagerDashboardContent.tsx(30,19): error TS2345: Argument of type '((never[TableName] extends { Relationships: infer R; } ? R : unknown) extends null ? never[TableName]["Row"] extends infer FieldResult ? FieldResult extends Record<...> ? { [K in keyof ({} & FieldResult)]: ({} & FieldResult)[K]; } : FieldResult extends SelectQueryError<...> ? SelectQueryError<...> : SelectQueryError...' is not assignable to parameter of type 'SetStateAction<{ product_name: string; days_to_expiry: number; }[]>'.
  Type '((never[TableName] extends { Relationships: infer R; } ? R : unknown) extends null ? never[TableName]["Row"] extends infer FieldResult ? FieldResult extends Record<...> ? { [K in keyof ({} & FieldResult)]: ({} & FieldResult)[K]; } : FieldResult extends SelectQueryError<...> ? SelectQueryError<...> : SelectQueryError...' is not assignable to type '{ product_name: string; days_to_expiry: number; }[]'.
    Type '(never[TableName] extends { Relationships: infer R; } ? R : unknown) extends null ? never[TableName]["Row"] extends infer FieldResult ? FieldResult extends Record<...> ? { [K in keyof ({} & FieldResult)]: ({} & FieldResult)[K]; } : FieldResult extends SelectQueryError<...> ? SelectQueryError<...> : SelectQueryError<...' is not assignable to type '{ product_name: string; days_to_expiry: number; }'.
      Type '(never[TableName]["Row"] extends infer FieldResult ? FieldResult extends Record<string, unknown> ? { [K in keyof ({} & FieldResult)]: ({} & FieldResult)[K]; } : FieldResult extends SelectQueryError<...> ? SelectQueryError<...> : SelectQueryError<...> : SelectQueryError<...>) | SelectQueryError<...>' is not assignable to type '{ product_name: string; days_to_expiry: number; }'.
        Type 'never[TableName]["Row"] extends infer FieldResult ? FieldResult extends Record<string, unknown> ? { [K in keyof ({} & FieldResult)]: ({} & FieldResult)[K]; } : FieldResult extends SelectQueryError<...> ? SelectQueryError<...> : SelectQueryError<...> : SelectQueryError<...>' is not assignable to type '{ product_name: string; days_to_expiry: number; }'.
          Type 'SelectQueryError<"Processing node failed."> | SelectQueryError<"Could not retrieve a valid record or error value">' is not assignable to type '{ product_name: string; days_to_expiry: number; }'.
            Type '{ error: true; } & String' is missing the following properties from type '{ product_name: string; days_to_expiry: number; }': product_name, days_to_expiry
src/pages/Dashboard/Supplier.tsx(2,22): error TS2307: Cannot find module '../../roles' or its corresponding type declarations.
src/pages/Dashboard/Supplier.tsx(7,36): error TS2552: Cannot find name 'Roles'. Did you mean 'Role'?
src/pages/Dashboard/SupplierDashboardContent.tsx(6,23): error TS2307: Cannot find module '../../roles' or its corresponding type declarations.
src/pages/Dashboard/SupplierDashboardContent.tsx(17,44): error TS2558: Expected 2 type arguments, but got 1.
src/pages/Dashboard/SupplierDashboardContent.tsx(18,17): error TS2345: Argument of type '((never[TableName] extends { Relationships: infer R; } ? R : unknown) extends null ? never[TableName]["Row"] extends infer FieldResult ? FieldResult extends Record<...> ? { [K in keyof ({} & FieldResult)]: ({} & FieldResult)[K]; } : FieldResult extends SelectQueryError<...> ? SelectQueryError<...> : SelectQueryError...' is not assignable to parameter of type 'SetStateAction<{ id: number; order_number: string; status: string; created_at: string; }[]>'.
  Type '((never[TableName] extends { Relationships: infer R; } ? R : unknown) extends null ? never[TableName]["Row"] extends infer FieldResult ? FieldResult extends Record<...> ? { [K in keyof ({} & FieldResult)]: ({} & FieldResult)[K]; } : FieldResult extends SelectQueryError<...> ? SelectQueryError<...> : SelectQueryError...' is not assignable to type '{ id: number; order_number: string; status: string; created_at: string; }[]'.
    Type '(never[TableName] extends { Relationships: infer R; } ? R : unknown) extends null ? never[TableName]["Row"] extends infer FieldResult ? FieldResult extends Record<...> ? { [K in keyof ({} & FieldResult)]: ({} & FieldResult)[K]; } : FieldResult extends SelectQueryError<...> ? SelectQueryError<...> : SelectQueryError<...' is not assignable to type '{ id: number; order_number: string; status: string; created_at: string; }'.
      Type 'SelectQueryError<"Invalid RelationName cannot infer result type"> | (never[TableName]["Row"] extends infer FieldResult ? FieldResult extends Record<...> ? { [K in keyof ({} & FieldResult)]: ({} & FieldResult)[K]; } : FieldResult extends SelectQueryError<...> ? SelectQueryError<...> : SelectQueryError<...> : SelectQu...' is not assignable to type '{ id: number; order_number: string; status: string; created_at: string; }'.
        Type '{ error: true; } & String' is missing the following properties from type '{ id: number; order_number: string; status: string; created_at: string; }': id, order_number, status, created_at
src/pages/login.tsx(3,27): error TS2307: Cannot find module 'next/router' or its corresponding type declarations.
src/pages/login.tsx(11,30): error TS7006: Parameter 'e' implicitly has an 'any' type.
src/pages/login.tsx(21,16): error TS2345: Argument of type 'string' is not assignable to parameter of type 'SetStateAction<null>'.
src/pages/login.tsx(34,18): error TS2345: Argument of type '"Failed to fetch user role"' is not assignable to parameter of type 'SetStateAction<null>'.
src/pages/login.tsx(38,29): error TS2339: Property 'role' does not exist on type 'never'.
âŒ TypeScript check failed.

ğŸŸ¢ Running ESLint...

/workspaces/choppies-dashboard/src/App.tsx
   1:9   warning  Replace `Â·createContext,Â·useContext,Â·useEffect,Â·useState,Â·ReactNodeÂ·` with `âÂ·Â·createContext,âÂ·Â·useContext,âÂ·Â·useEffect,âÂ·Â·useState,âÂ·Â·ReactNode,â`  prettier/prettier
  28:11  error    'session' is assigned a value but never used                                                                                                         @typescript-eslint/no-unused-vars

/workspaces/choppies-dashboard/src/components/ProtectedRoute.tsx
  11:41  warning  Replace `Â·children,Â·allowedRolesÂ·` with `âÂ·Â·children,âÂ·Â·allowedRoles,â`  prettier/prettier

/workspaces/choppies-dashboard/src/pages/Dashboard/Admin.tsx
   2:10  error    'Role' is defined but never used  @typescript-eslint/no-unused-vars
  12:1   warning  Delete `â`                        prettier/prettier

/workspaces/choppies-dashboard/src/pages/Dashboard/Cashier.tsx
  2:10  error    'Role' is defined but never used  @typescript-eslint/no-unused-vars
  5:1   warning  Delete `â`                        prettier/prettier

/workspaces/choppies-dashboard/src/pages/Dashboard/CashierDashboardContent.tsx
  21:47  warning  Replace `.from<SalesSummary>("sales_summary_view").select("*")` with `âÂ·Â·Â·Â·Â·Â·Â·Â·.from<SalesSummary>("sales_summary_view")âÂ·Â·Â·Â·Â·Â·Â·Â·.select("*")âÂ·Â·Â·Â·Â·Â·Â·Â·`                                                                                                                                               prettier/prettier
  22:47  warning  Replace `.from<DamagedGoods>("damaged_goods_view")` with `âÂ·Â·Â·Â·Â·Â·Â·Â·.from<DamagedGoods>("damaged_goods_view")âÂ·Â·Â·Â·Â·Â·Â·Â·`                                                                                                                                                                                prettier/prettier
  23:50  warning  Replace `.from<Returns>("returns_view")` with `âÂ·Â·Â·Â·Â·Â·Â·Â·.from<Returns>("returns_view")âÂ·Â·Â·Â·Â·Â·Â·Â·`                                                                                                                                                                                                      prettier/prettier
  37:20  warning  Replace `<p>Loading...</p>` with `(âÂ·Â·Â·Â·Â·Â·Â·Â·Â·Â·<p>Loading...</p>âÂ·Â·Â·Â·Â·Â·Â·Â·)`                                                                                                                                                                                                                            prettier/prettier
  41:18  warning  Replace `TotalÂ·Revenue:Â·N${summary?.total_revenue?.toLocaleString()Â·||Â·0}` with `âÂ·Â·Â·Â·Â·Â·Â·Â·Â·Â·Â·Â·Â·Â·Â·Â·TotalÂ·Revenue:Â·N${summary?.total_revenue?.toLocaleString()Â·||Â·0}âÂ·Â·Â·Â·Â·Â·Â·Â·Â·Â·Â·Â·Â·Â·`                                                                                                                    prettier/prettier
  44:18  warning  Replace `TotalÂ·Customers:Â·{summary?.total_customers?.toLocaleString()Â·||Â·0}` with `âÂ·Â·Â·Â·Â·Â·Â·Â·Â·Â·Â·Â·Â·Â·Â·Â·TotalÂ·Customers:{"Â·"}âÂ·Â·Â·Â·Â·Â·Â·Â·Â·Â·Â·Â·Â·Â·Â·Â·{summary?.total_customers?.toLocaleString()Â·||Â·0}âÂ·Â·Â·Â·Â·Â·Â·Â·Â·Â·Â·Â·Â·Â·`                                                                                           prettier/prettier
  48:19  warning  Replace `{damaged.map((d,Â·idx)Â·=>Â·<liÂ·key={idx}>{d.product_name}Â·â€”Â·Qty:Â·{d.quantity}</li>)}` with `âÂ·Â·Â·Â·Â·Â·Â·Â·Â·Â·Â·Â·Â·Â·Â·Â·{damaged.map((d,Â·idx)Â·=>Â·(âÂ·Â·Â·Â·Â·Â·Â·Â·Â·Â·Â·Â·Â·Â·Â·Â·Â·Â·<liÂ·key={idx}>âÂ·Â·Â·Â·Â·Â·Â·Â·Â·Â·Â·Â·Â·Â·Â·Â·Â·Â·Â·Â·{d.product_name}Â·â€”Â·Qty:Â·{d.quantity}âÂ·Â·Â·Â·Â·Â·Â·Â·Â·Â·Â·Â·Â·Â·Â·Â·Â·Â·</li>âÂ·Â·Â·Â·Â·Â·Â·Â·Â·Â·Â·Â·Â·Â·Â·Â·))}âÂ·Â·Â·Â·Â·Â·Â·Â·Â·Â·Â·Â·Â·Â·`  prettier/prettier
  52:19  warning  Replace `{returns.map((r,Â·idx)Â·=>Â·<liÂ·key={idx}>{r.product_name}Â·â€”Â·Qty:Â·{r.quantity}</li>)}` with `âÂ·Â·Â·Â·Â·Â·Â·Â·Â·Â·Â·Â·Â·Â·Â·Â·{returns.map((r,Â·idx)Â·=>Â·(âÂ·Â·Â·Â·Â·Â·Â·Â·Â·Â·Â·Â·Â·Â·Â·Â·Â·Â·<liÂ·key={idx}>âÂ·Â·Â·Â·Â·Â·Â·Â·Â·Â·Â·Â·Â·Â·Â·Â·Â·Â·Â·Â·{r.product_name}Â·â€”Â·Qty:Â·{r.quantity}âÂ·Â·Â·Â·Â·Â·Â·Â·Â·Â·Â·Â·Â·Â·Â·Â·Â·Â·</li>âÂ·Â·Â·Â·Â·Â·Â·Â·Â·Â·Â·Â·Â·Â·Â·Â·))}âÂ·Â·Â·Â·Â·Â·Â·Â·Â·Â·Â·Â·Â·Â·`  prettier/prettier

/workspaces/choppies-dashboard/src/pages/Dashboard/Ceo.tsx
  2:10  error  'Role' is defined but never used  @typescript-eslint/no-unused-vars

/workspaces/choppies-dashboard/src/pages/Dashboard/CeoDashboardContent.tsx
  19:9   error    Unexpected any. Specify a different type                                                                                                                                          @typescript-eslint/no-explicit-any
  33:17  warning  Replace `<divÂ·className="mt-1Â·text-xsÂ·text-green-600Â·font-medium">{delta}</div>` with `(âÂ·Â·Â·Â·Â·Â·Â·Â·<divÂ·className="mt-1Â·text-xsÂ·text-green-600Â·font-medium">{delta}</div>âÂ·Â·Â·Â·Â·Â·)`  prettier/prettier
  76:49  warning  Replace `ChoppiesÂ·NamibiaÂ·â€”Â·CompanyÂ·Overview` with `âÂ·Â·Â·Â·Â·Â·Â·Â·Â·Â·Â·Â·Â·Â·Â·Â·ChoppiesÂ·NamibiaÂ·â€”Â·CompanyÂ·OverviewâÂ·Â·Â·Â·Â·Â·Â·Â·Â·Â·Â·Â·Â·Â·`                                                          prettier/prettier

/workspaces/choppies-dashboard/src/pages/Dashboard/Manager.tsx
   2:10  error    'Role' is defined but never used  @typescript-eslint/no-unused-vars
  12:1   warning  Delete `â`                        prettier/prettier

/workspaces/choppies-dashboard/src/pages/Dashboard/ManagerDashboardContent.tsx
  25:47  warning  Replace `.from<LowStock>("low_stock_view")` with `âÂ·Â·Â·Â·Â·Â·Â·Â·.from<LowStock>("low_stock_view")âÂ·Â·Â·Â·Â·Â·Â·Â·`                                                                                                       prettier/prettier
  26:47  warning  Replace `.from<ExpiringGoods>("expiring_goods_view")` with `âÂ·Â·Â·Â·Â·Â·Â·Â·.from<ExpiringGoods>("expiring_goods_view")âÂ·Â·Â·Â·Â·Â·Â·Â·`                                                                                   prettier/prettier
  46:18  warning  Replace `TotalÂ·Revenue:Â·N${summary?.total_revenue?.toLocaleString()Â·||Â·0}` with `âÂ·Â·Â·Â·Â·Â·Â·Â·Â·Â·Â·Â·Â·Â·Â·Â·TotalÂ·Revenue:Â·N${summary?.total_revenue?.toLocaleString()Â·||Â·0}âÂ·Â·Â·Â·Â·Â·Â·Â·Â·Â·Â·Â·Â·Â·`                           prettier/prettier
  49:18  warning  Replace `TotalÂ·Customers:Â·{summary?.total_customers?.toLocaleString()Â·||Â·0}` with `âÂ·Â·Â·Â·Â·Â·Â·Â·Â·Â·Â·Â·Â·Â·Â·Â·TotalÂ·Customers:{"Â·"}âÂ·Â·Â·Â·Â·Â·Â·Â·Â·Â·Â·Â·Â·Â·Â·Â·{summary?.total_customers?.toLocaleString()Â·||Â·0}âÂ·Â·Â·Â·Â·Â·Â·Â·Â·Â·Â·Â·Â·Â·`  prettier/prettier
  55:33  warning  Replace `{item.product_name}Â·â€”Â·Qty:Â·{item.quantity}` with `âÂ·Â·Â·Â·Â·Â·Â·Â·Â·Â·Â·Â·Â·Â·Â·Â·Â·Â·Â·Â·{item.product_name}Â·â€”Â·Qty:Â·{item.quantity}âÂ·Â·Â·Â·Â·Â·Â·Â·Â·Â·Â·Â·Â·Â·Â·Â·Â·Â·`                                                               prettier/prettier
  63:33  warning  Replace `{item.product_name}Â·â€”Â·{item.days_to_expiry}Â·daysÂ·left` with `âÂ·Â·Â·Â·Â·Â·Â·Â·Â·Â·Â·Â·Â·Â·Â·Â·Â·Â·Â·Â·{item.product_name}Â·â€”Â·{item.days_to_expiry}Â·daysÂ·leftâÂ·Â·Â·Â·Â·Â·Â·Â·Â·Â·Â·Â·Â·Â·Â·Â·Â·Â·`                                         prettier/prettier
  73:1   warning  Delete `â`                                                                                                                                                                                                   prettier/prettier

/workspaces/choppies-dashboard/src/pages/Dashboard/Supplier.tsx
   2:10  error    'Role' is defined but never used  @typescript-eslint/no-unused-vars
  12:1   warning  Delete `â`                        prettier/prettier

/workspaces/choppies-dashboard/src/pages/Dashboard/SupplierDashboardContent.tsx
  17:38  warning  Replace `.from<PurchaseOrders>("purchase_orders")` with `âÂ·Â·Â·Â·Â·Â·Â·Â·.from<PurchaseOrders>("purchase_orders")âÂ·Â·Â·Â·Â·Â·Â·Â·`                                                                                                                                                      prettier/prettier
  28:20  warning  Replace `<p>Loading...</p>` with `(âÂ·Â·Â·Â·Â·Â·Â·Â·Â·Â·<p>Loading...</p>âÂ·Â·Â·Â·Â·Â·Â·Â·)`                                                                                                                                                                                                prettier/prettier
  31:17  warning  Replace `{orders.map((o,Â·idx)Â·=>Â·<liÂ·key={idx}>{o.order_number}Â·â€”Â·{o.status}</li>)}` with `âÂ·Â·Â·Â·Â·Â·Â·Â·Â·Â·Â·Â·Â·Â·{orders.map((o,Â·idx)Â·=>Â·(âÂ·Â·Â·Â·Â·Â·Â·Â·Â·Â·Â·Â·Â·Â·Â·Â·<liÂ·key={idx}>âÂ·Â·Â·Â·Â·Â·Â·Â·Â·Â·Â·Â·Â·Â·Â·Â·Â·Â·{o.order_number}Â·â€”Â·{o.status}âÂ·Â·Â·Â·Â·Â·Â·Â·Â·Â·Â·Â·Â·Â·Â·Â·</li>âÂ·Â·Â·Â·Â·Â·Â·Â·Â·Â·Â·Â·Â·Â·))}âÂ·Â·Â·Â·Â·Â·Â·Â·Â·Â·Â·Â·`  prettier/prettier

/workspaces/choppies-dashboard/src/pages/unauthorized.tsx
  15:1  warning  Delete `â`  prettier/prettier

/workspaces/choppies-dashboard/src/supabaseClient.ts
  2:30  warning  Replace `'@supabase/supabase-js'` with `"@supabase/supabase-js"`  prettier/prettier
  3:31  warning  Replace `'./types/supabase'` with `"./types/supabase"`            prettier/prettier

âœ– 36 problems (7 errors, 29 warnings)
  0 errors and 29 warnings potentially fixable with the `--fix` option.

âŒ ESLint found issues.

ğŸŸ¢ Starting Next.js dev server...
Visit http://localhost:3000 and check your dashboards for runtime errors.

> choppies-dashboard@1.0.0 dev
> vite

Port 5173 is in use, trying another one...

  VITE v5.4.20  ready in 336 ms

  âœ  Local:   http://localhost:5174/
  âœ  Network: use --host to expose
  âœ  press h + enter to show help
